<?xml version="1.0" encoding="UTF-8"?>
<testng-results ignored="0" total="1" passed="1" failed="0" skipped="0">
  <reporter-output>
  </reporter-output>
  <suite started-at="2025-09-08T21:12:24 EDT" name="Suite" finished-at="2025-09-08T21:12:31 EDT" duration-ms="7133">
    <groups>
    </groups>
    <test started-at="2025-09-08T21:12:24 EDT" name="Test" finished-at="2025-09-08T21:12:31 EDT" duration-ms="7133">
      <class name="GIT.JenkinGitDemo.Login">
        <test-method signature="login()[pri:0, instance:GIT.JenkinGitDemo.Login@15ff3e9e]" started-at="2025-09-08T21:12:24 EDT" name="login" finished-at="2025-09-08T21:12:31 EDT" duration-ms="7056" status="PASS">
          <reporter-output>
          </reporter-output>
        </test-method> <!-- login -->
      </class> <!-- GIT.JenkinGitDemo.Login -->
    </test> <!-- Test -->
  </suite> <!-- Suite -->
</testng-results>
